<?xml version="1.0" encoding="UTF-8"?>
<testsuite name="Newtest1Test" tests="1" skipped="0" failures="0" errors="0" timestamp="2019-10-20T11:18:27" hostname="KBP1-LHP-F87034" time="13.323">
  <properties/>
  <testcase name="newtest1" classname="Newtest1Test" time="13.323"/>
  <system-out><![CDATA[]]></system-out>
  <system-err><![CDATA[Starting ChromeDriver 77.0.3865.40 (f484704e052e0b556f8030b65b953dce96503217-refs/branch-heads/3865@{#442}) on port 13877
Only local connections are allowed.
Please protect ports used by ChromeDriver and related test frameworks to prevent access by malicious code.
Oct 20, 2019 2:18:30 PM org.openqa.selenium.remote.ProtocolHandshake createSession
INFO: Detected dialect: W3C
]]></system-err>
</testsuite>
