<?xml version="1.0" encoding="UTF-8"?>
<testsuite name="SeleTest" tests="1" skipped="0" failures="0" errors="0" timestamp="2019-10-23T21:53:36" hostname="KBP1-LHP-F87034" time="9.606">
  <properties/>
  <testcase name="sele" classname="SeleTest" time="9.606"/>
  <system-out><![CDATA[]]></system-out>
  <system-err><![CDATA[Starting ChromeDriver 77.0.3865.40 (f484704e052e0b556f8030b65b953dce96503217-refs/branch-heads/3865@{#442}) on port 45906
Only local connections are allowed.
Please protect ports used by ChromeDriver and related test frameworks to prevent access by malicious code.
Oct 24, 2019 12:53:41 AM org.openqa.selenium.remote.ProtocolHandshake createSession
INFO: Detected dialect: W3C
Main page: Regular price text colour: rgba(51, 51, 51, 1)
]]></system-err>
</testsuite>
